Dynare version: 0.9.5
2024-07-16T22:05:44.260: Starting @dynare ./RBC_CME_basic.mod
["RBC_CME_basic.mod", "language=julia", "json=compute"]
Dynare preprocessor version: 6.4.0+0
2024-07-16T22:05:44.464: End of preprocessing
2024-07-16T22:05:44.512: Start parse_statements!
  Steady state

────┬─────────
 y  │ 3.01533
  c │  2.3066
  k │ 28.3484
  A │     1.0
  z │     0.0
  R │  1.0101
 Pi │     1.0
────┴─────────

  Coefficients of approximate solution function (reduced form)

─────────┬──────────────────────────────────────────────────────
         │  y_t     c_t     k_t    A_t    z_t      R_t     Pi_t
────────────────────────────────────────────────────────────────
    ϕ(k) │ 0.0351   0.048  0.9621  -0.0   0.0  -0.0022  -0.0015
    ϕ(z) │ 2.9249  0.8836  2.0412  0.97  0.97   0.0801   0.0529
 eps_z_t │ 3.0153   0.911  2.1044   1.0   1.0   0.0826   0.0545
─────────┴──────────────────────────────────────────────────────

  Note: ϕ(x) = x_{t-1} - steady_state(x)

  THEORETICAL MOMENTS

──────────┬──────────────────────────────
 VARIABLE │  MEAN    STD. DEV.  VARIANCE
─────────────────────────────────────────
        y │  3.0153     0.1176    0.0138
        c │  2.3066     0.0765    0.0059
        k │ 28.3484     1.1606     1.347
        A │     1.0      0.028    0.0008
        z │     0.0      0.028    0.0008
        R │  1.0101     0.0018       0.0
       Pi │     1.0     0.0012       0.0
──────────┴──────────────────────────────

  VARIANCE DECOMPOSITION (in percent)

──────────┬───────
 VARIABLE │ eps_z
──────────────────
        y │   1.0
        c │   1.0
        k │   1.0
        A │   1.0
        z │   1.0
        R │   1.0
       Pi │   1.0
──────────┴───────

  CORRELATION MATRIX

────┬─────────────────────────────────────────────────────────────
    │    y        c        k       A       z        R       Pi
──────────────────────────────────────────────────────────────────
  y │     1.0   0.9613   0.8906  0.9722  0.9722  -0.0072  -0.0072
  c │  0.9613      1.0   0.9814    0.87    0.87  -0.2825  -0.2825
  k │  0.8906   0.9814      1.0  0.7592  0.7592  -0.4612  -0.4612
  A │  0.9722     0.87   0.7592     1.0     1.0   0.2273   0.2273
  z │  0.9722     0.87   0.7592     1.0     1.0   0.2273   0.2273
  R │ -0.0072  -0.2825  -0.4612  0.2273  0.2273      1.0      1.0
 Pi │ -0.0072  -0.2825  -0.4612  0.2273  0.2273      1.0      1.0
────┴─────────────────────────────────────────────────────────────

  AUTOCORRELATION COEFFICIENTS

────┬────────────────────────────────────────
    │   1       2       3       4       5
─────────────────────────────────────────────
  y │ 0.9847  0.9692  0.9538  0.9382  0.9226
  c │ 0.9965  0.9921  0.9869  0.9809  0.9742
  k │ 0.9994  0.9977   0.995  0.9914  0.9868
  A │   0.97  0.9409  0.9127  0.8853  0.8587
  z │   0.97  0.9409  0.9127  0.8853  0.8587
  R │ 0.9478   0.898  0.8505  0.8052   0.762
 Pi │ 0.9478   0.898  0.8505  0.8052   0.762
────┴────────────────────────────────────────

2024-07-16T22:05:46.463: End parser
Results of Nonlinear Solver Algorithm
 * Algorithm: Trust-region with dogleg and autoscaling
 * Inf-norm of residuals: 0.000000
 * Iterations: 0
 * Convergence: true
   * |x - x'| < 1.0e-05: false
   * |f(x)| < 1.0e-05: true
 * Function Calls (f): 1
