Traceback (most recent call last):
  File "C:\Users\felix\miniconda3\Lib\site-packages\jupyter_cache\executors\utils.py", line 58, in single_nb_execution
    executenb(
  File "C:\Users\felix\miniconda3\Lib\site-packages\nbclient\client.py", line 1305, in execute
    return NotebookClient(nb=nb, resources=resources, km=km, **kwargs).execute()
           ^^^^^^^^^^^^^^^^^^^^^^^^^^^^^^^^^^^^^^^^^^^^^^^^^^^^^^^^^^^^^^^^^^^^^
  File "C:\Users\felix\miniconda3\Lib\site-packages\jupyter_core\utils\__init__.py", line 172, in wrapped
    return loop.run_until_complete(inner)
           ^^^^^^^^^^^^^^^^^^^^^^^^^^^^^^
  File "C:\Users\felix\miniconda3\Lib\asyncio\base_events.py", line 653, in run_until_complete
    return future.result()
           ^^^^^^^^^^^^^^^
  File "C:\Users\felix\miniconda3\Lib\site-packages\nbclient\client.py", line 705, in async_execute
    await self.async_execute_cell(
  File "C:\Users\felix\miniconda3\Lib\site-packages\nbclient\client.py", line 1058, in async_execute_cell
    await self._check_raise_for_error(cell, cell_index, exec_reply)
  File "C:\Users\felix\miniconda3\Lib\site-packages\nbclient\client.py", line 914, in _check_raise_for_error
    raise CellExecutionError.from_cell_and_msg(cell, exec_reply_content)
nbclient.exceptions.CellExecutionError: An error occurred while executing the following cell:
------------------
using Plots, Parameters

function params(; γ = 0.5,
    β = 0.95,
    a0 = 100.0,
    TT = 200)

    return (γ=γ, β=β, a0=a0, TT=TT)
end

function consumption!(p, c_t)
    @unpack TT, β, γ, a0 = p

    # Calculate the time path of consumption
    for it in 1:TT
        c_t[it] = β^(it * γ) * (1.0 - β^γ) * a0
    end
end

p = params(a0=100)
c_t = zeros(p.TT + 1)
consumption!(p, c_t)

# Plotting
plot(c_t, xlabel="Time t", ylabel="Consumption c_t", legend=false)

------------------


ArgumentError: Package Plots not found in current path.
- Run `import Pkg; Pkg.add("Plots")` to install the Plots package.

Stacktrace:
 [1] macro expansion
   @ .\loading.jl:1630 [inlined]
 [2] macro expansion
   @ .\lock.jl:267 [inlined]
 [3] require(into::Module, mod::Symbol)
   @ Base .\loading.jl:1611

