Traceback (most recent call last):
  File "C:\Users\felix\miniconda3\Lib\site-packages\jupyter_cache\executors\utils.py", line 58, in single_nb_execution
    executenb(
  File "C:\Users\felix\miniconda3\Lib\site-packages\nbclient\client.py", line 1305, in execute
    return NotebookClient(nb=nb, resources=resources, km=km, **kwargs).execute()
           ^^^^^^^^^^^^^^^^^^^^^^^^^^^^^^^^^^^^^^^^^^^^^^^^^^^^^^^^^^^^^^^^^^^^^
  File "C:\Users\felix\miniconda3\Lib\site-packages\jupyter_core\utils\__init__.py", line 172, in wrapped
    return loop.run_until_complete(inner)
           ^^^^^^^^^^^^^^^^^^^^^^^^^^^^^^
  File "C:\Users\felix\miniconda3\Lib\asyncio\base_events.py", line 653, in run_until_complete
    return future.result()
           ^^^^^^^^^^^^^^^
  File "C:\Users\felix\miniconda3\Lib\site-packages\nbclient\client.py", line 705, in async_execute
    await self.async_execute_cell(
  File "C:\Users\felix\miniconda3\Lib\site-packages\nbclient\client.py", line 1058, in async_execute_cell
    await self._check_raise_for_error(cell, cell_index, exec_reply)
  File "C:\Users\felix\miniconda3\Lib\site-packages\nbclient\client.py", line 914, in _check_raise_for_error
    raise CellExecutionError.from_cell_and_msg(cell, exec_reply_content)
nbclient.exceptions.CellExecutionError: An error occurred while executing the following cell:
------------------
a*b is correct?
------------------


MethodError: no method matching *(::Vector{Int64}, ::Vector{Float64})

[0mClosest candidates are:
[0m  *(::Any, ::Any, [91m::Any[39m, [91m::Any...[39m)
[0m[90m   @[39m [90mBase[39m [90m[4moperators.jl:587[24m[39m
[0m  *([91m::LQ{TA, S, C} where {S<:AbstractMatrix{TA}, C<:AbstractVector{TA}}[39m, ::AbstractVecOrMat{TB}) where {TA, TB}
[0m[90m   @[39m [35mLinearAlgebra[39m [90mC:\Users\felix\AppData\Local\Programs\Julia-1.10.0\share\julia\stdlib\v1.10\LinearAlgebra\src\[39m[90m[4mlq.jl:167[24m[39m
[0m  *([91m::Number[39m, ::AbstractArray)
[0m[90m   @[39m [90mBase[39m [90m[4marraymath.jl:21[24m[39m
[0m  ...


Stacktrace:
 [1] top-level scope
   @ In[5]:1

